<?xml version="1.0" encoding="UTF-8"?>
<!-- Generated by org.testng.reporters.JUnitReportReporter -->
<testsuite hostname="WKWIN4496580" failures="0" tests="1" name="frameWorkAPI.PostReq" time="4.964" errors="0" timestamp="2022-07-14T17:01:26 IST" skipped="0">
  <testcase classname="frameWorkAPI.PostReq" name="postReq" time="4.964"/>
  <system-out>
    <![CDATA[{"id":4028,"name":"Arun Shan","email":"arunsha@15ce.com","gender":"male","status":"active"}
4028
[{"id":4028,"name":"Arun Shan","email":"arunsha@15ce.com","gender":"male","status":"active"}]]]>
  </system-out>
</testsuite> <!-- frameWorkAPI.PostReq -->
