<?xml version="1.0" encoding="UTF-8"?>
<!-- Generated by org.testng.reporters.JUnitReportReporter -->
<testsuite hostname="WKWIN4496580" failures="0" tests="1" name="frameWorkAPI.GETResponse" time="0.012" errors="0" timestamp="2022-07-12T12:27:29 IST" skipped="0">
  <testcase classname="frameWorkAPI.GETResponse" name="getResponseFromWebsite" time="0.012"/>
  <system-out>
    <![CDATA[The Idex value of a Given Symbol is : 1
The actual Symbol is :LTCBTC
Assertion Passed : LTCBTC==LTCBTC
The value of baseAsset is: null
The value of quoteAsset is: BTC
The Value After Performing concat operation b/w baseAsset and quoteAsset is: nullBTC
Assertion Failed : null+BTC!=nullBTC]]>
  </system-out>
</testsuite> <!-- frameWorkAPI.GETResponse -->
